ClimaaSpheree/climasphere/app/build/intermediates/manifest_merge_blame_file/debug/processDebugMainManifest/manifest-merger-blame-debug-report.txt
1<?xml version="1.0" encoding="utf-8"?>
2<manifest xmlns:android="http://schemas.android.com/apk/res/android"
3    package="com.example.climaaspheree"
4    android:versionCode="1"
5    android:versionName="1.0" >
6
7    <uses-sdk
8        android:minSdkVersion="24"
9        android:targetSdkVersion="36" />
10
11    <!-- Permissions -->
12    <uses-permission android:name="android.permission.INTERNET" />
12-->src\main\AndroidManifest.xml:7:5-67
12-->src\main\AndroidManifest.xml:7:22-64
13    <uses-permission android:name="android.permission.ACCESS_FINE_LOCATION" />
13-->src\main\AndroidManifest.xml:8:5-79
13-->src\main\AndroidManifest.xml:8:22-76
14    <uses-permission android:name="android.permission.ACCESS_COARSE_LOCATION" />
14-->src\main\AndroidManifest.xml:9:5-81
14-->src\main\AndroidManifest.xml:9:22-78
15    <uses-permission android:name="android.permission.ACCESS_BACKGROUND_LOCATION" />
15-->src\main\AndroidManifest.xml:10:5-85
15-->src\main\AndroidManifest.xml:10:22-82
16    <uses-permission android:name="android.permission.ACCESS_NETWORK_STATE" />
16-->src\main\AndroidManifest.xml:11:5-79
16-->src\main\AndroidManifest.xml:11:22-76
17
18    <uses-feature
18-->[com.google.android.gms:play-services-maps:18.1.0] AndroidManifest.xml:26:5-28:35
19        android:glEsVersion="0x00020000"
19-->[com.google.android.gms:play-services-maps:18.1.0] AndroidManifest.xml:27:9-41
20        android:required="true" />
20-->[com.google.android.gms:play-services-maps:18.1.0] AndroidManifest.xml:28:9-32
21
22    <queries>
22-->[com.google.android.gms:play-services-maps:18.1.0] AndroidManifest.xml:30:5-34:15
23
24        <!-- Needs to be explicitly declared on Android R+ -->
25        <package android:name="com.google.android.apps.maps" />
25-->[com.google.android.gms:play-services-maps:18.1.0] AndroidManifest.xml:33:9-64
25-->[com.google.android.gms:play-services-maps:18.1.0] AndroidManifest.xml:33:18-61
26        <!-- For browser content -->
27        <intent>
27-->[com.google.android.gms:play-services-ads-lite:23.0.0] AndroidManifest.xml:38:9-44:18
28            <action android:name="android.intent.action.VIEW" />
28-->[com.google.firebase:firebase-auth:23.0.0] AndroidManifest.xml:36:17-69
28-->[com.google.firebase:firebase-auth:23.0.0] AndroidManifest.xml:36:25-66
29
30            <category android:name="android.intent.category.BROWSABLE" />
30-->[com.google.firebase:firebase-auth:23.0.0] AndroidManifest.xml:39:17-78
30-->[com.google.firebase:firebase-auth:23.0.0] AndroidManifest.xml:39:27-75
31
32            <data android:scheme="https" />
32-->[com.google.firebase:firebase-auth:23.0.0] AndroidManifest.xml:41:17-44:51
32-->[com.google.firebase:firebase-auth:23.0.0] AndroidManifest.xml:44:21-48
33        </intent> <!-- End of browser content -->
34        <!-- For CustomTabsService -->
35        <intent>
35-->[com.google.android.gms:play-services-ads-lite:23.0.0] AndroidManifest.xml:47:9-49:18
36            <action android:name="android.support.customtabs.action.CustomTabsService" />
36-->[com.google.android.gms:play-services-ads-lite:23.0.0] AndroidManifest.xml:48:13-90
36-->[com.google.android.gms:play-services-ads-lite:23.0.0] AndroidManifest.xml:48:21-87
37        </intent>
38    </queries>
39
40    <uses-permission android:name="android.permission.POST_NOTIFICATIONS" />
40-->[com.google.firebase:firebase-messaging:24.0.0] AndroidManifest.xml:23:5-77
40-->[com.google.firebase:firebase-messaging:24.0.0] AndroidManifest.xml:23:22-74
41    <uses-permission android:name="android.permission.WAKE_LOCK" /> <!-- Required by older versions of Google Play services to create IID tokens -->
41-->[com.google.firebase:firebase-messaging:24.0.0] AndroidManifest.xml:24:5-68
41-->[com.google.firebase:firebase-messaging:24.0.0] AndroidManifest.xml:24:22-65
42    <uses-permission android:name="com.google.android.c2dm.permission.RECEIVE" />
42-->[com.google.firebase:firebase-messaging:24.0.0] AndroidManifest.xml:26:5-82
42-->[com.google.firebase:firebase-messaging:24.0.0] AndroidManifest.xml:26:22-79
43    <uses-permission android:name="com.google.android.gms.permission.AD_ID" />
43-->[com.google.android.gms:play-services-ads-lite:23.0.0] AndroidManifest.xml:26:5-79
43-->[com.google.android.gms:play-services-ads-lite:23.0.0] AndroidManifest.xml:26:22-76
44    <uses-permission android:name="android.permission.ACCESS_ADSERVICES_AD_ID" />
44-->[com.google.android.gms:play-services-ads-lite:23.0.0] AndroidManifest.xml:27:5-82
44-->[com.google.android.gms:play-services-ads-lite:23.0.0] AndroidManifest.xml:27:22-79
45    <uses-permission android:name="android.permission.ACCESS_ADSERVICES_ATTRIBUTION" />
45-->[com.google.android.gms:play-services-ads-lite:23.0.0] AndroidManifest.xml:28:5-88
45-->[com.google.android.gms:play-services-ads-lite:23.0.0] AndroidManifest.xml:28:22-85
46    <uses-permission android:name="android.permission.ACCESS_ADSERVICES_TOPICS" />
46-->[com.google.android.gms:play-services-ads-lite:23.0.0] AndroidManifest.xml:29:5-83
46-->[com.google.android.gms:play-services-ads-lite:23.0.0] AndroidManifest.xml:29:22-80
47    <uses-permission android:name="com.google.android.finsky.permission.BIND_GET_INSTALL_REFERRER_SERVICE" />
47-->[com.google.android.gms:play-services-measurement:22.0.2] AndroidManifest.xml:26:5-110
47-->[com.google.android.gms:play-services-measurement:22.0.2] AndroidManifest.xml:26:22-107
48    <uses-permission android:name="com.google.android.providers.gsf.permission.READ_GSERVICES" />
48-->[com.google.android.recaptcha:recaptcha:18.4.0] AndroidManifest.xml:9:5-98
48-->[com.google.android.recaptcha:recaptcha:18.4.0] AndroidManifest.xml:9:22-95
49    <uses-permission android:name="android.permission.FOREGROUND_SERVICE" />
49-->[androidx.work:work-runtime:2.8.1] AndroidManifest.xml:26:5-77
49-->[androidx.work:work-runtime:2.8.1] AndroidManifest.xml:26:22-74
50
51    <permission
51-->[androidx.core:core:1.13.1] AndroidManifest.xml:22:5-24:47
52        android:name="com.example.climaaspheree.DYNAMIC_RECEIVER_NOT_EXPORTED_PERMISSION"
52-->[androidx.core:core:1.13.1] AndroidManifest.xml:23:9-81
53        android:protectionLevel="signature" />
53-->[androidx.core:core:1.13.1] AndroidManifest.xml:24:9-44
54
55    <uses-permission android:name="com.example.climaaspheree.DYNAMIC_RECEIVER_NOT_EXPORTED_PERMISSION" />
55-->[androidx.core:core:1.13.1] AndroidManifest.xml:26:5-97
55-->[androidx.core:core:1.13.1] AndroidManifest.xml:26:22-94
56
57    <application
57-->src\main\AndroidManifest.xml:13:5-71:19
58        android:name="com.example.climaaspheree.MyApp"
58-->src\main\AndroidManifest.xml:14:9-30
59        android:allowBackup="true"
59-->src\main\AndroidManifest.xml:15:9-35
60        android:appComponentFactory="androidx.core.app.CoreComponentFactory"
60-->[androidx.core:core:1.13.1] AndroidManifest.xml:28:18-86
61        android:debuggable="true"
62        android:extractNativeLibs="false"
63        android:icon="@drawable/ic_partly_cloudy"
63-->src\main\AndroidManifest.xml:16:9-50
64        android:label="ClimaSphere"
64-->src\main\AndroidManifest.xml:17:9-36
65        android:roundIcon="@drawable/rounded_edittext_shadow_login"
65-->src\main\AndroidManifest.xml:18:9-68
66        android:supportsRtl="true"
66-->src\main\AndroidManifest.xml:19:9-35
67        android:testOnly="true"
68        android:theme="@style/Theme.ClimaaSpheree" >
68-->src\main\AndroidManifest.xml:20:9-51
69
70        <!-- 🔥 FIX FOR AD_SERVICES_CONFIG MERGER ERROR -->
71        <property
71-->src\main\AndroidManifest.xml:23:9-26:48
72            android:name="android.adservices.AD_SERVICES_CONFIG"
72-->src\main\AndroidManifest.xml:24:13-65
73            android:resource="@xml/gma_ad_services_config" />
73-->src\main\AndroidManifest.xml:25:13-59
74
75        <!-- Google Maps API Key -->
76        <meta-data
76-->src\main\AndroidManifest.xml:29:9-31:71
77            android:name="com.google.android.geo.API_KEY"
77-->src\main\AndroidManifest.xml:30:13-58
78            android:value="AIzaSyC05QJ6Ev2FCXNJ4-F6TF2lKIL52zi036E" />
78-->src\main\AndroidManifest.xml:31:13-68
79
80        <!-- AdMob App ID (Test ID – Safe) -->
81        <meta-data
81-->src\main\AndroidManifest.xml:34:9-36:70
82            android:name="com.google.android.gms.ads.APPLICATION_ID"
82-->src\main\AndroidManifest.xml:35:13-69
83            android:value="ca-app-pub-3940256099942544~3347511713" />
83-->src\main\AndroidManifest.xml:36:13-67
84
85        <!-- Firebase Messaging -->
86        <service
86-->src\main\AndroidManifest.xml:39:9-45:19
87            android:name="com.example.climaaspheree.MyFirebaseMessagingService"
87-->src\main\AndroidManifest.xml:40:13-55
88            android:exported="false" >
88-->src\main\AndroidManifest.xml:41:13-37
89            <intent-filter>
89-->src\main\AndroidManifest.xml:42:13-44:29
90                <action android:name="com.google.firebase.MESSAGING_EVENT" />
90-->src\main\AndroidManifest.xml:43:17-78
90-->src\main\AndroidManifest.xml:43:25-75
91            </intent-filter>
92        </service>
93
94        <activity
94-->src\main\AndroidManifest.xml:47:9-69
95            android:name="com.example.climaaspheree.Google"
95-->src\main\AndroidManifest.xml:47:19-41
96            android:exported="false" />
96-->src\main\AndroidManifest.xml:47:42-66
97        <activity
97-->src\main\AndroidManifest.xml:48:9-75
98            android:name="com.example.climaaspheree.NewsActivity"
98-->src\main\AndroidManifest.xml:48:19-47
99            android:exported="false" />
99-->src\main\AndroidManifest.xml:48:48-72
100        <activity
100-->src\main\AndroidManifest.xml:49:9-74
101            android:name="com.example.climaaspheree.MapActivity"
101-->src\main\AndroidManifest.xml:49:19-46
102            android:exported="false" />
102-->src\main\AndroidManifest.xml:49:47-71
103        <activity
103-->src\main\AndroidManifest.xml:50:9-80
104            android:name="com.example.climaaspheree.DashboardActivity"
104-->src\main\AndroidManifest.xml:50:19-52
105            android:exported="false" />
105-->src\main\AndroidManifest.xml:50:53-77
106        <activity
106-->src\main\AndroidManifest.xml:51:9-86
107            android:name="com.example.climaaspheree.ProfileSettingsActivity"
107-->src\main\AndroidManifest.xml:51:19-58
108            android:exported="false" />
108-->src\main\AndroidManifest.xml:51:59-83
109        <activity
109-->src\main\AndroidManifest.xml:52:9-77
110            android:name="com.example.climaaspheree.AlertsActivity"
110-->src\main\AndroidManifest.xml:52:19-49
111            android:exported="false" />
111-->src\main\AndroidManifest.xml:52:50-74
112        <activity
112-->src\main\AndroidManifest.xml:53:9-80
113            android:name="com.example.climaaspheree.FavoritesActivity"
113-->src\main\AndroidManifest.xml:53:19-52
114            android:exported="false" />
114-->src\main\AndroidManifest.xml:53:53-77
115        <activity
115-->src\main\AndroidManifest.xml:55:9-62:20
116            android:name="com.example.climaaspheree.SplashActivity"
116-->src\main\AndroidManifest.xml:56:13-43
117            android:exported="true" >
117-->src\main\AndroidManifest.xml:57:13-36
118            <intent-filter>
118-->src\main\AndroidManifest.xml:58:13-61:29
119                <action android:name="android.intent.action.MAIN" />
119-->src\main\AndroidManifest.xml:59:17-69
119-->src\main\AndroidManifest.xml:59:25-66
120
121                <category android:name="android.intent.category.LAUNCHER" />
121-->src\main\AndroidManifest.xml:60:17-77
121-->src\main\AndroidManifest.xml:60:27-74
122            </intent-filter>
123        </activity>
124        <activity
124-->src\main\AndroidManifest.xml:64:9-76
125            android:name="com.example.climaaspheree.LoginActivity"
125-->src\main\AndroidManifest.xml:64:19-48
126            android:exported="false" />
126-->src\main\AndroidManifest.xml:64:49-73
127        <activity
127-->src\main\AndroidManifest.xml:65:9-79
128            android:name="com.example.climaaspheree.ForecastActivity"
128-->src\main\AndroidManifest.xml:65:19-51
129            android:exported="false" />
129-->src\main\AndroidManifest.xml:65:52-76
130        <activity
130-->src\main\AndroidManifest.xml:66:9-83
131            android:name="com.example.climaaspheree.RegistrationActivity"
131-->src\main\AndroidManifest.xml:66:19-55
132            android:exported="false" />
132-->src\main\AndroidManifest.xml:66:56-80
133        <activity
133-->src\main\AndroidManifest.xml:67:9-86
134            android:name="com.example.climaaspheree.OTPVerificationActivity"
134-->src\main\AndroidManifest.xml:67:19-58
135            android:exported="false" />
135-->src\main\AndroidManifest.xml:67:59-83
136        <activity
136-->src\main\AndroidManifest.xml:68:9-85
137            android:name="com.example.climaaspheree.ForgotPasswordActivity"
137-->src\main\AndroidManifest.xml:68:19-57
138            android:exported="false" />
138-->src\main\AndroidManifest.xml:68:58-82
139        <activity
139-->src\main\AndroidManifest.xml:69:9-75
140            android:name="com.example.climaaspheree.TodayActivity"
140-->src\main\AndroidManifest.xml:69:19-48
141            android:exported="true" />
141-->src\main\AndroidManifest.xml:69:49-72
142        <!-- <activity android:name=".TomorrowActivity" android:exported="false" /> -->
143        <!-- Needs to be explicitly declared on P+ -->
144        <uses-library
144-->[com.google.android.gms:play-services-maps:18.1.0] AndroidManifest.xml:39:9-41:40
145            android:name="org.apache.http.legacy"
145-->[com.google.android.gms:play-services-maps:18.1.0] AndroidManifest.xml:40:13-50
146            android:required="false" />
146-->[com.google.android.gms:play-services-maps:18.1.0] AndroidManifest.xml:41:13-37
147
148        <service
148-->[com.google.firebase:firebase-database-ktx:21.0.0] AndroidManifest.xml:9:9-15:19
149            android:name="com.google.firebase.components.ComponentDiscoveryService"
149-->[com.google.firebase:firebase-database-ktx:21.0.0] AndroidManifest.xml:10:13-84
150            android:directBootAware="true"
150-->[com.google.firebase:firebase-common:21.0.0] AndroidManifest.xml:32:13-43
151            android:exported="false" >
151-->[com.google.firebase:firebase-database-ktx:21.0.0] AndroidManifest.xml:11:13-37
152            <meta-data
152-->[com.google.firebase:firebase-database-ktx:21.0.0] AndroidManifest.xml:12:13-14:85
153                android:name="com.google.firebase.components:com.google.firebase.database.ktx.FirebaseDatabaseLegacyRegistrar"
153-->[com.google.firebase:firebase-database-ktx:21.0.0] AndroidManifest.xml:13:17-127
154                android:value="com.google.firebase.components.ComponentRegistrar" />
154-->[com.google.firebase:firebase-database-ktx:21.0.0] AndroidManifest.xml:14:17-82
155            <meta-data
155-->[com.google.firebase:firebase-database:21.0.0] AndroidManifest.xml:29:13-31:85
156                android:name="com.google.firebase.components:com.google.firebase.database.FirebaseDatabaseKtxRegistrar"
156-->[com.google.firebase:firebase-database:21.0.0] AndroidManifest.xml:30:17-120
157                android:value="com.google.firebase.components.ComponentRegistrar" />
157-->[com.google.firebase:firebase-database:21.0.0] AndroidManifest.xml:31:17-82
158            <meta-data
158-->[com.google.firebase:firebase-database:21.0.0] AndroidManifest.xml:32:13-34:85
159                android:name="com.google.firebase.components:com.google.firebase.database.DatabaseRegistrar"
159-->[com.google.firebase:firebase-database:21.0.0] AndroidManifest.xml:33:17-109
160                android:value="com.google.firebase.components.ComponentRegistrar" />
160-->[com.google.firebase:firebase-database:21.0.0] AndroidManifest.xml:34:17-82
161            <meta-data
161-->[com.google.firebase:firebase-messaging-ktx:24.0.0] AndroidManifest.xml:26:13-28:85
162                android:name="com.google.firebase.components:com.google.firebase.messaging.ktx.FirebaseMessagingLegacyRegistrar"
162-->[com.google.firebase:firebase-messaging-ktx:24.0.0] AndroidManifest.xml:27:17-129
163                android:value="com.google.firebase.components.ComponentRegistrar" />
163-->[com.google.firebase:firebase-messaging-ktx:24.0.0] AndroidManifest.xml:28:17-82
164            <meta-data
164-->[com.google.firebase:firebase-messaging:24.0.0] AndroidManifest.xml:57:13-59:85
165                android:name="com.google.firebase.components:com.google.firebase.messaging.FirebaseMessagingKtxRegistrar"
165-->[com.google.firebase:firebase-messaging:24.0.0] AndroidManifest.xml:58:17-122
166                android:value="com.google.firebase.components.ComponentRegistrar" />
166-->[com.google.firebase:firebase-messaging:24.0.0] AndroidManifest.xml:59:17-82
167            <meta-data
167-->[com.google.firebase:firebase-messaging:24.0.0] AndroidManifest.xml:60:13-62:85
168                android:name="com.google.firebase.components:com.google.firebase.messaging.FirebaseMessagingRegistrar"
168-->[com.google.firebase:firebase-messaging:24.0.0] AndroidManifest.xml:61:17-119
169                android:value="com.google.firebase.components.ComponentRegistrar" />
169-->[com.google.firebase:firebase-messaging:24.0.0] AndroidManifest.xml:62:17-82
170            <meta-data
170-->[com.google.firebase:firebase-auth-ktx:23.0.0] AndroidManifest.xml:11:13-13:85
171                android:name="com.google.firebase.components:com.google.firebase.auth.ktx.FirebaseAuthLegacyRegistrar"
171-->[com.google.firebase:firebase-auth-ktx:23.0.0] AndroidManifest.xml:12:17-119
172                android:value="com.google.firebase.components.ComponentRegistrar" />
172-->[com.google.firebase:firebase-auth-ktx:23.0.0] AndroidManifest.xml:13:17-82
173            <meta-data
173-->[com.google.firebase:firebase-auth:23.0.0] AndroidManifest.xml:69:13-71:85
174                android:name="com.google.firebase.components:com.google.firebase.auth.FirebaseAuthRegistrar"
174-->[com.google.firebase:firebase-auth:23.0.0] AndroidManifest.xml:70:17-109
175                android:value="com.google.firebase.components.ComponentRegistrar" />
175-->[com.google.firebase:firebase-auth:23.0.0] AndroidManifest.xml:71:17-82
176            <meta-data
176-->[com.google.firebase:firebase-analytics-ktx:22.0.2] AndroidManifest.xml:11:13-13:85
177                android:name="com.google.firebase.components:com.google.firebase.analytics.ktx.FirebaseAnalyticsLegacyRegistrar"
177-->[com.google.firebase:firebase-analytics-ktx:22.0.2] AndroidManifest.xml:12:17-129
178                android:value="com.google.firebase.components.ComponentRegistrar" />
178-->[com.google.firebase:firebase-analytics-ktx:22.0.2] AndroidManifest.xml:13:17-82
179            <meta-data
179-->[com.google.android.gms:play-services-measurement-api:22.0.2] AndroidManifest.xml:37:13-39:85
180                android:name="com.google.firebase.components:com.google.firebase.analytics.connector.internal.AnalyticsConnectorRegistrar"
180-->[com.google.android.gms:play-services-measurement-api:22.0.2] AndroidManifest.xml:38:17-139
181                android:value="com.google.firebase.components.ComponentRegistrar" />
181-->[com.google.android.gms:play-services-measurement-api:22.0.2] AndroidManifest.xml:39:17-82
182            <meta-data
182-->[com.google.firebase:firebase-installations:18.0.0] AndroidManifest.xml:15:13-17:85
183                android:name="com.google.firebase.components:com.google.firebase.installations.FirebaseInstallationsKtxRegistrar"
183-->[com.google.firebase:firebase-installations:18.0.0] AndroidManifest.xml:16:17-130
184                android:value="com.google.firebase.components.ComponentRegistrar" />
184-->[com.google.firebase:firebase-installations:18.0.0] AndroidManifest.xml:17:17-82
185            <meta-data
185-->[com.google.firebase:firebase-installations:18.0.0] AndroidManifest.xml:18:13-20:85
186                android:name="com.google.firebase.components:com.google.firebase.installations.FirebaseInstallationsRegistrar"
186-->[com.google.firebase:firebase-installations:18.0.0] AndroidManifest.xml:19:17-127
187                android:value="com.google.firebase.components.ComponentRegistrar" />
187-->[com.google.firebase:firebase-installations:18.0.0] AndroidManifest.xml:20:17-82
188            <meta-data
188-->[com.google.firebase:firebase-common-ktx:21.0.0] AndroidManifest.xml:12:13-14:85
189                android:name="com.google.firebase.components:com.google.firebase.ktx.FirebaseCommonLegacyRegistrar"
189-->[com.google.firebase:firebase-common-ktx:21.0.0] AndroidManifest.xml:13:17-116
190                android:value="com.google.firebase.components.ComponentRegistrar" />
190-->[com.google.firebase:firebase-common-ktx:21.0.0] AndroidManifest.xml:14:17-82
191            <meta-data
191-->[com.google.firebase:firebase-common:21.0.0] AndroidManifest.xml:35:13-37:85
192                android:name="com.google.firebase.components:com.google.firebase.FirebaseCommonKtxRegistrar"
192-->[com.google.firebase:firebase-common:21.0.0] AndroidManifest.xml:36:17-109
193                android:value="com.google.firebase.components.ComponentRegistrar" />
193-->[com.google.firebase:firebase-common:21.0.0] AndroidManifest.xml:37:17-82
194            <meta-data
194-->[com.google.firebase:firebase-datatransport:18.2.0] AndroidManifest.xml:25:13-27:85
195                android:name="com.google.firebase.components:com.google.firebase.datatransport.TransportRegistrar"
195-->[com.google.firebase:firebase-datatransport:18.2.0] AndroidManifest.xml:26:17-115
196                android:value="com.google.firebase.components.ComponentRegistrar" />
196-->[com.google.firebase:firebase-datatransport:18.2.0] AndroidManifest.xml:27:17-82
197        </service>
198
199        <receiver
199-->[com.google.firebase:firebase-messaging:24.0.0] AndroidManifest.xml:29:9-40:20
200            android:name="com.google.firebase.iid.FirebaseInstanceIdReceiver"
200-->[com.google.firebase:firebase-messaging:24.0.0] AndroidManifest.xml:30:13-78
201            android:exported="true"
201-->[com.google.firebase:firebase-messaging:24.0.0] AndroidManifest.xml:31:13-36
202            android:permission="com.google.android.c2dm.permission.SEND" >
202-->[com.google.firebase:firebase-messaging:24.0.0] AndroidManifest.xml:32:13-73
203            <intent-filter>
203-->[com.google.firebase:firebase-messaging:24.0.0] AndroidManifest.xml:33:13-35:29
204                <action android:name="com.google.android.c2dm.intent.RECEIVE" />
204-->[com.google.firebase:firebase-messaging:24.0.0] AndroidManifest.xml:34:17-81
204-->[com.google.firebase:firebase-messaging:24.0.0] AndroidManifest.xml:34:25-78
205            </intent-filter>
206
207            <meta-data
207-->[com.google.firebase:firebase-messaging:24.0.0] AndroidManifest.xml:37:13-39:40
208                android:name="com.google.android.gms.cloudmessaging.FINISHED_AFTER_HANDLED"
208-->[com.google.firebase:firebase-messaging:24.0.0] AndroidManifest.xml:38:17-92
209                android:value="true" />
209-->[com.google.firebase:firebase-messaging:24.0.0] AndroidManifest.xml:39:17-37
210        </receiver>
211        <!--
212             FirebaseMessagingService performs security checks at runtime,
213             but set to not exported to explicitly avoid allowing another app to call it.
214        -->
215        <service
215-->[com.google.firebase:firebase-messaging:24.0.0] AndroidManifest.xml:46:9-53:19
216            android:name="com.google.firebase.messaging.FirebaseMessagingService"
216-->[com.google.firebase:firebase-messaging:24.0.0] AndroidManifest.xml:47:13-82
217            android:directBootAware="true"
217-->[com.google.firebase:firebase-messaging:24.0.0] AndroidManifest.xml:48:13-43
218            android:exported="false" >
218-->[com.google.firebase:firebase-messaging:24.0.0] AndroidManifest.xml:49:13-37
219            <intent-filter android:priority="-500" >
219-->src\main\AndroidManifest.xml:42:13-44:29
220                <action android:name="com.google.firebase.MESSAGING_EVENT" />
220-->src\main\AndroidManifest.xml:43:17-78
220-->src\main\AndroidManifest.xml:43:25-75
221            </intent-filter>
222        </service>
223
224        <activity
224-->[com.google.firebase:firebase-auth:23.0.0] AndroidManifest.xml:29:9-46:20
225            android:name="com.google.firebase.auth.internal.GenericIdpActivity"
225-->[com.google.firebase:firebase-auth:23.0.0] AndroidManifest.xml:30:13-80
226            android:excludeFromRecents="true"
226-->[com.google.firebase:firebase-auth:23.0.0] AndroidManifest.xml:31:13-46
227            android:exported="true"
227-->[com.google.firebase:firebase-auth:23.0.0] AndroidManifest.xml:32:13-36
228            android:launchMode="singleTask"
228-->[com.google.firebase:firebase-auth:23.0.0] AndroidManifest.xml:33:13-44
229            android:theme="@android:style/Theme.Translucent.NoTitleBar" >
229-->[com.google.firebase:firebase-auth:23.0.0] AndroidManifest.xml:34:13-72
230            <intent-filter>
230-->[com.google.firebase:firebase-auth:23.0.0] AndroidManifest.xml:35:13-45:29
231                <action android:name="android.intent.action.VIEW" />
231-->[com.google.firebase:firebase-auth:23.0.0] AndroidManifest.xml:36:17-69
231-->[com.google.firebase:firebase-auth:23.0.0] AndroidManifest.xml:36:25-66
232
233                <category android:name="android.intent.category.DEFAULT" />
233-->[com.google.firebase:firebase-auth:23.0.0] AndroidManifest.xml:38:17-76
233-->[com.google.firebase:firebase-auth:23.0.0] AndroidManifest.xml:38:27-73
234                <category android:name="android.intent.category.BROWSABLE" />
234-->[com.google.firebase:firebase-auth:23.0.0] AndroidManifest.xml:39:17-78
234-->[com.google.firebase:firebase-auth:23.0.0] AndroidManifest.xml:39:27-75
235
236                <data
236-->[com.google.firebase:firebase-auth:23.0.0] AndroidManifest.xml:41:17-44:51
237                    android:host="firebase.auth"
237-->[com.google.firebase:firebase-auth:23.0.0] AndroidManifest.xml:42:21-49
238                    android:path="/"
238-->[com.google.firebase:firebase-auth:23.0.0] AndroidManifest.xml:43:21-37
239                    android:scheme="genericidp" />
239-->[com.google.firebase:firebase-auth:23.0.0] AndroidManifest.xml:44:21-48
240            </intent-filter>
241        </activity>
242        <activity
242-->[com.google.firebase:firebase-auth:23.0.0] AndroidManifest.xml:47:9-64:20
243            android:name="com.google.firebase.auth.internal.RecaptchaActivity"
243-->[com.google.firebase:firebase-auth:23.0.0] AndroidManifest.xml:48:13-79
244            android:excludeFromRecents="true"
244-->[com.google.firebase:firebase-auth:23.0.0] AndroidManifest.xml:49:13-46
245            android:exported="true"
245-->[com.google.firebase:firebase-auth:23.0.0] AndroidManifest.xml:50:13-36
246            android:launchMode="singleTask"
246-->[com.google.firebase:firebase-auth:23.0.0] AndroidManifest.xml:51:13-44
247            android:theme="@android:style/Theme.Translucent.NoTitleBar" >
247-->[com.google.firebase:firebase-auth:23.0.0] AndroidManifest.xml:52:13-72
248            <intent-filter>
248-->[com.google.firebase:firebase-auth:23.0.0] AndroidManifest.xml:53:13-63:29
249                <action android:name="android.intent.action.VIEW" />
249-->[com.google.firebase:firebase-auth:23.0.0] AndroidManifest.xml:36:17-69
249-->[com.google.firebase:firebase-auth:23.0.0] AndroidManifest.xml:36:25-66
250
251                <category android:name="android.intent.category.DEFAULT" />
251-->[com.google.firebase:firebase-auth:23.0.0] AndroidManifest.xml:38:17-76
251-->[com.google.firebase:firebase-auth:23.0.0] AndroidManifest.xml:38:27-73
252                <category android:name="android.intent.category.BROWSABLE" />
252-->[com.google.firebase:firebase-auth:23.0.0] AndroidManifest.xml:39:17-78
252-->[com.google.firebase:firebase-auth:23.0.0] AndroidManifest.xml:39:27-75
253
254                <data
254-->[com.google.firebase:firebase-auth:23.0.0] AndroidManifest.xml:41:17-44:51
255                    android:host="firebase.auth"
255-->[com.google.firebase:firebase-auth:23.0.0] AndroidManifest.xml:42:21-49
256                    android:path="/"
256-->[com.google.firebase:firebase-auth:23.0.0] AndroidManifest.xml:43:21-37
257                    android:scheme="recaptcha" />
257-->[com.google.firebase:firebase-auth:23.0.0] AndroidManifest.xml:44:21-48
258            </intent-filter>
259        </activity>
260
261        <service
261-->[androidx.credentials:credentials-play-services-auth:1.2.0-rc01] AndroidManifest.xml:24:9-32:19
262            android:name="androidx.credentials.playservices.CredentialProviderMetadataHolder"
262-->[androidx.credentials:credentials-play-services-auth:1.2.0-rc01] AndroidManifest.xml:25:13-94
263            android:enabled="true"
263-->[androidx.credentials:credentials-play-services-auth:1.2.0-rc01] AndroidManifest.xml:26:13-35
264            android:exported="false" >
264-->[androidx.credentials:credentials-play-services-auth:1.2.0-rc01] AndroidManifest.xml:27:13-37
265            <meta-data
265-->[androidx.credentials:credentials-play-services-auth:1.2.0-rc01] AndroidManifest.xml:29:13-31:104
266                android:name="androidx.credentials.CREDENTIAL_PROVIDER_KEY"
266-->[androidx.credentials:credentials-play-services-auth:1.2.0-rc01] AndroidManifest.xml:30:17-76
267                android:value="androidx.credentials.playservices.CredentialProviderPlayServicesImpl" />
267-->[androidx.credentials:credentials-play-services-auth:1.2.0-rc01] AndroidManifest.xml:31:17-101
268        </service>
269
270        <activity
270-->[androidx.credentials:credentials-play-services-auth:1.2.0-rc01] AndroidManifest.xml:34:9-41:20
271            android:name="androidx.credentials.playservices.HiddenActivity"
271-->[androidx.credentials:credentials-play-services-auth:1.2.0-rc01] AndroidManifest.xml:35:13-76